[18:22:21] [main/INFO]: Loading Minecraft 1.20.1 with Fabric Loader 0.14.21
[18:22:21] [main/INFO]: Loading 52 mods:
	- fabric-api 0.85.0+1.20.1
	   |-- fabric-api-base 0.4.29+b04edc7a77
	   |-- fabric-api-lookup-api-v1 1.6.34+4d8536c977
	   |-- fabric-biome-api-v1 13.0.10+b3afc78b77
	   |-- fabric-block-api-v1 1.0.9+e022e5d177
	   |-- fabric-blockrenderlayer-v1 1.1.39+b3afc78b77
	   |-- fabric-client-tags-api-v1 1.1.0+97bb207577
	   |-- fabric-command-api-v1 1.2.32+f71b366f77
	   |-- fabric-command-api-v2 2.2.11+b3afc78b77
	   |-- fabric-commands-v0 0.2.49+df3654b377
	   |-- fabric-containers-v0 0.1.61+df3654b377
	   |-- fabric-content-registries-v0 4.0.8+b3afc78b77
	   |-- fabric-convention-tags-v1 1.5.3+b3afc78b77
	   |-- fabric-crash-report-info-v1 0.2.18+aeb40ebe77
	   |-- fabric-data-generation-api-v1 12.1.12+b3afc78b77
	   |-- fabric-dimensions-v1 2.1.51+b3afc78b77
	   |-- fabric-entity-events-v1 1.5.21+b3afc78b77
	   |-- fabric-events-interaction-v0 0.6.0+b3afc78b77
	   |-- fabric-events-lifecycle-v0 0.2.61+df3654b377
	   |-- fabric-game-rule-api-v1 1.0.38+b04edc7a77
	   |-- fabric-item-api-v1 2.1.26+b3afc78b77
	   |-- fabric-item-group-api-v1 4.0.8+40e50c4677
	   |-- fabric-key-binding-api-v1 1.0.36+fb8d95da77
	   |-- fabric-keybindings-v0 0.2.34+df3654b377
	   |-- fabric-lifecycle-events-v1 2.2.20+b3afc78b77
	   |-- fabric-loot-api-v2 1.1.38+b3afc78b77
	   |-- fabric-loot-tables-v1 1.1.42+9e7660c677
	   |-- fabric-message-api-v1 5.1.6+b3afc78b77
	   |-- fabric-mining-level-api-v1 2.1.48+b3afc78b77
	   |-- fabric-models-v0 0.3.35+b3afc78b77
	   |-- fabric-networking-api-v1 1.3.8+b3afc78b77
	   |-- fabric-networking-v0 0.3.48+df3654b377
	   |-- fabric-object-builder-api-v1 11.1.0+6beca84877
	   |-- fabric-particles-v1 1.1.0+201a23a077
	   |-- fabric-recipe-api-v1 1.0.18+b3afc78b77
	   |-- fabric-registry-sync-v0 2.2.6+b3afc78b77
	   |-- fabric-renderer-api-v1 3.1.0+c154966e77
	   |-- fabric-renderer-indigo 1.4.0+c154966e77
	   |-- fabric-renderer-registries-v1 3.2.44+df3654b377
	   |-- fabric-rendering-data-attachment-v1 0.3.33+b3afc78b77
	   |-- fabric-rendering-fluids-v1 3.0.26+b3afc78b77
	   |-- fabric-rendering-v0 1.1.47+df3654b377
	   |-- fabric-rendering-v1 3.0.6+b3afc78b77
	   |-- fabric-resource-conditions-api-v1 2.3.5+ea08f9d877
	   |-- fabric-resource-loader-v0 0.11.8+e3d6ed2577
	   |-- fabric-screen-api-v1 2.0.6+b3afc78b77
	   |-- fabric-screen-handler-api-v1 1.3.27+b3afc78b77
	   |-- fabric-sound-api-v1 1.0.12+b3afc78b77
	   |-- fabric-transfer-api-v1 3.2.3+43a3fedd77
	   \-- fabric-transitive-access-wideners-v1 4.2.0+b3afc78b77
	- fabricloader 0.14.21
	- fastload 3.4.0
	   |-- conditional-mixin 0.3.2
	   |-- fastload-119-0-1-2-compat 3.4.0
	   |-- fastload-1193-compat 3.4.0
	   |-- fastload-1194-compat 3.4.0
	   \-- fastload_fapi_forward 1.0.2
	- ferritecore 6.0.0
	- java 17
	- lithium 0.11.2
	- memoryleakfix 1.1.1
	   \-- com_github_llamalad7_mixinextras 0.2.0-beta.8
	- minecraft 1.20.1
	- starlight 1.1.2+fabric.dbc156f
[18:22:21] [main/INFO]: SpongePowered MIXIN Subsystem Version=0.8.5 Source=file:/C:/Users/Johan/Desktop/Minecraft%20Server/libraries/net/fabricmc/sponge-mixin/0.12.5+mixin.0.8.5/sponge-mixin-0.12.5+mixin.0.8.5.jar Service=Knot/Fabric Env=SERVER
[18:22:21] [main/INFO]: Compatibility level set to JAVA_16
[18:22:21] [main/INFO]: Compatibility level set to JAVA_17
[18:22:22] [main/WARN]: Reference map 'Fastload-1.19.4-Extension-refmap.json' for fastload-1194-compat.mixins.json could not be read. If this is a development environment you can ignore this message
[18:22:22] [main/INFO]: Loaded configuration file for Lithium: 115 options available, 1 override(s) found
[18:22:22] [main/WARN]: Force-disabling mixin 'alloc.blockstate.StateMixin' as rule 'mixin.alloc.blockstate' (added by mods [ferritecore]) disables it and children
[18:22:22] [main/INFO]: [MemoryLeakFix] Will be applying 1 memory leak fixes!
[18:22:22] [main/INFO]: [MemoryLeakFix] Currently enabled memory leak fixes: [biomeTemperatureLeak]
[18:22:28] [main/INFO]: Environment: authHost='https://authserver.mojang.com', accountsHost='https://api.mojang.com', sessionHost='https://sessionserver.mojang.com', servicesHost='https://api.minecraftservices.com', name='PROD'
[18:22:29] [main/INFO]: Loaded 7 recipes
[18:22:29] [main/INFO]: Loaded 1271 advancements
[18:22:30] [main/INFO]: Applied 0 biome modifications to 0 of 64 new biomes in 1.577 ms
[18:22:30] [Server thread/INFO]: Starting minecraft server version 1.20.1
[18:22:30] [Server thread/INFO]: Loading properties
[18:22:30] [Server thread/INFO]: Default game type: SURVIVAL
[18:22:30] [Server thread/INFO]: Generating keypair
[18:22:30] [Server thread/INFO]: Starting Minecraft server on *:25565
[18:22:30] [Server thread/INFO]: Using default channel type
[18:22:31] [Server thread/INFO]: Preparing level "world"
[18:22:31] [Server thread/INFO]: Preparing start region for dimension minecraft:overworld
[18:22:33] [Server thread/INFO]: Time elapsed: 1310564 ms
[18:22:33] [Server thread/INFO]: Done (2.778s)! For help, type "help"
[18:24:06] [User Authenticator #1/INFO]: UUID of player zantas is f3ebb453-cca7-4d0b-b2b5-127d619fbf1d
[18:24:06] [Server thread/INFO]: zantas[/192.168.0.16:50479] logged in with entity id 148 at (98.40239591264715, 110.0, -129.35125959402535)
[18:24:06] [Server thread/INFO]: zantas joined the game
[18:24:27] [Server thread/INFO]: zantas lost connection: Disconnected
[18:24:27] [Server thread/INFO]: zantas left the game
[18:24:31] [User Authenticator #2/INFO]: UUID of player zantas is f3ebb453-cca7-4d0b-b2b5-127d619fbf1d
[18:24:31] [Server thread/INFO]: zantas[/192.168.0.16:50494] logged in with entity id 261 at (99.04568369969869, 111.0, -136.6565753260744)
[18:24:31] [Server thread/INFO]: zantas joined the game
[18:24:45] [Server thread/INFO]: [zantas: Set own game mode to Spectator Mode]
[18:27:27] [Server thread/INFO]: [zantas: Set own game mode to Creative Mode]
[18:30:53] [Server thread/INFO]: zantas has made the advancement [Take Aim]
[18:31:42] [Server thread/INFO]: [zantas: Set the time to 1000]
[18:36:14] [Server thread/INFO]: zantas lost connection: Disconnected
[18:36:14] [Server thread/INFO]: zantas left the game
[18:36:29] [Server thread/INFO]: Unknown or incomplete command, see below for error
[18:36:29] [Server thread/INFO]: exit<--[HERE]
[18:36:37] [Server thread/INFO]: Unknown or incomplete command, see below for error
[18:36:37] [Server thread/INFO]: shutdown<--[HERE]
